Using pre-set license
Built from '2021.1/staging' branch; Version is '2021.1.7f1 (d91830b65d9b) revision 14227504'; Using compiler version '192528614'; Build Type 'Release'
OS: 'Windows 10 Home Single Language; OS build 19042.985; Version 2009; 64bit' Language: 'ru' Physical Memory: 7103 MB
BatchMode: 1, IsHumanControllingUs: 0, StartBugReporterOnCrash: 0, Is64bit: 1, IsPro: 0

 COMMAND LINE ARGUMENTS:
D:\In3D\UnityEditors\2021.1.7f1\Editor\Unity.exe
-adb2
-batchMode
-noUpm
-name
AssetImportWorker0
-projectPath
D:/School21/Shadow
-logFile
Logs/AssetImportWorker0.log
-srvPort
63298
Successfully changed project path to: D:/School21/Shadow
D:/School21/Shadow
Using Asset Import Pipeline V2.
Refreshing native plugins compatible for Editor in 112.63 ms, found 0 plugins.
Preloading 0 native plugins for Editor in 0.00 ms.
Initialize engine version: 2021.1.7f1 (d91830b65d9b)
[Subsystems] Discovering subsystems at path D:/In3D/UnityEditors/2021.1.7f1/Editor/Data/Resources/UnitySubsystems
[Subsystems] Discovering subsystems at path D:/School21/Shadow/Assets
GfxDevice: creating device client; threaded=0; jobified=0
Direct3D:
    Version:  Direct3D 11.0 [level 11.1]
    Renderer: AMD Radeon(TM) Vega 8 Graphics (ID=0x15d8)
    Vendor:   ATI
    VRAM:     3551 MB
    Driver:   26.20.11030.22001
Initialize mono
Mono path[0] = 'D:/In3D/UnityEditors/2021.1.7f1/Editor/Data/Managed'
Mono path[1] = 'D:/In3D/UnityEditors/2021.1.7f1/Editor/Data/MonoBleedingEdge/lib/mono/unityjit'
Mono config path = 'D:/In3D/UnityEditors/2021.1.7f1/Editor/Data/MonoBleedingEdge/etc'
Using monoOptions --debugger-agent=transport=dt_socket,embedding=1,server=y,suspend=n,address=127.0.0.1:56672
Begin MonoManager ReloadAssembly
Registering precompiled unity dll's ...
Register platform support module: D:/In3D/UnityEditors/2021.1.7f1/Editor/Data/PlaybackEngines/WindowsStandaloneSupport/UnityEditor.WindowsStandalone.Extensions.dll
Registered in 0.002429 seconds.
Native extension for WindowsStandalone target not found
Refreshing native plugins compatible for Editor in 134.05 ms, found 0 plugins.
Preloading 0 native plugins for Editor in 0.00 ms.
Mono: successfully reloaded assembly
- Completed reload, in  3.427 seconds
Platform modules already initialized, skipping
Registering precompiled user dll's ...
Registered in 0.002222 seconds.
Begin MonoManager ReloadAssembly
Native extension for WindowsStandalone target not found
Refreshing native plugins compatible for Editor in 95.71 ms, found 0 plugins.
Preloading 0 native plugins for Editor in 0.00 ms.
Mono: successfully reloaded assembly
- Completed reload, in  1.857 seconds
Platform modules already initialized, skipping
========================================================================
Worker process is ready to serve import requests
Launched and connected shader compiler UnityShaderCompiler.exe after 0.07 seconds
Refreshing native plugins compatible for Editor in 0.68 ms, found 0 plugins.
Preloading 0 native plugins for Editor in 0.00 ms.
Unloading 3018 Unused Serialized files (Serialized files now loaded: 0)
System memory in use before: 161.0 MB.
System memory in use after: 158.1 MB.

Unloading 33 unused Assets to reduce memory usage. Loaded Objects now: 3466.
Total: 8.470100 ms (FindLiveObjects: 0.466200 ms CreateObjectMapping: 0.203600 ms MarkObjects: 4.250300 ms  DeleteObjects: 3.547800 ms)

========================================================================
Received Import Request.
  path: Assets/Scripts/ObjectController.cs
  artifactKey: Guid(132bf32a575de704ca4d2222dc8eabf9) Importer(815301076,1909f56bfc062723c751e8b465ee728b)
Start importing Assets/Scripts/ObjectController.cs using Guid(132bf32a575de704ca4d2222dc8eabf9) Importer(815301076,1909f56bfc062723c751e8b465ee728b)  -> (artifact id: 'c17de3694df26e612fcd40d8b8a5e288') in 0.061960 seconds 
========================================================================
Received Prepare
Registering precompiled user dll's ...
Registered in 0.001545 seconds.
Begin MonoManager ReloadAssembly
Native extension for WindowsStandalone target not found
Refreshing native plugins compatible for Editor in 1.10 ms, found 0 plugins.
Preloading 0 native plugins for Editor in 0.00 ms.
Mono: successfully reloaded assembly
- Completed reload, in  1.582 seconds
Platform modules already initialized, skipping
Refreshing native plugins compatible for Editor in 0.66 ms, found 0 plugins.
Preloading 0 native plugins for Editor in 0.00 ms.
Unloading 2769 Unused Serialized files (Serialized files now loaded: 0)
System memory in use before: 149.0 MB.
System memory in use after: 146.1 MB.

Unloading 29 unused Assets to reduce memory usage. Loaded Objects now: 3466.
Total: 6.313100 ms (FindLiveObjects: 0.341800 ms CreateObjectMapping: 0.113000 ms MarkObjects: 3.804700 ms  DeleteObjects: 2.051200 ms)

========================================================================
Received Import Request.
  Time since last request: 22.318106 seconds.
  path: Assets/Scripts/ObjectController.cs
  artifactKey: Guid(132bf32a575de704ca4d2222dc8eabf9) Importer(815301076,1909f56bfc062723c751e8b465ee728b)
Start importing Assets/Scripts/ObjectController.cs using Guid(132bf32a575de704ca4d2222dc8eabf9) Importer(815301076,1909f56bfc062723c751e8b465ee728b)  -> (artifact id: 'afe310c92c00ae153cac461f0fb9d050') in 0.007859 seconds 
========================================================================
Received Import Request.
  Time since last request: 393.889288 seconds.
  path: Assets/Settings/Shadow.inputactions
  artifactKey: Guid(371c637a15be98b469f7fd083d9e1ff7) Importer(815301076,1909f56bfc062723c751e8b465ee728b)
Start importing Assets/Settings/Shadow.inputactions using Guid(371c637a15be98b469f7fd083d9e1ff7) Importer(815301076,1909f56bfc062723c751e8b465ee728b)  -> (artifact id: 'a02c3cb5aa81b49de9977b9509c953cf') in 0.039326 seconds 
========================================================================
Received Prepare
Registering precompiled user dll's ...
Registered in 0.001874 seconds.
Begin MonoManager ReloadAssembly
Native extension for WindowsStandalone target not found
Refreshing native plugins compatible for Editor in 1.92 ms, found 0 plugins.
Preloading 0 native plugins for Editor in 0.00 ms.
Mono: successfully reloaded assembly
- Completed reload, in  2.756 seconds
Platform modules already initialized, skipping
Refreshing native plugins compatible for Editor in 0.65 ms, found 0 plugins.
Preloading 0 native plugins for Editor in 0.00 ms.
Unloading 2769 Unused Serialized files (Serialized files now loaded: 0)
System memory in use before: 149.0 MB.
System memory in use after: 146.1 MB.

Unloading 29 unused Assets to reduce memory usage. Loaded Objects now: 3466.
Total: 7.914500 ms (FindLiveObjects: 0.330900 ms CreateObjectMapping: 0.100800 ms MarkObjects: 5.099000 ms  DeleteObjects: 2.381400 ms)

========================================================================
Received Prepare
Registering precompiled user dll's ...
Registered in 0.001621 seconds.
Begin MonoManager ReloadAssembly
Native extension for WindowsStandalone target not found
Refreshing native plugins compatible for Editor in 0.70 ms, found 0 plugins.
Preloading 0 native plugins for Editor in 0.00 ms.
Mono: successfully reloaded assembly
- Completed reload, in  1.446 seconds
Platform modules already initialized, skipping
Refreshing native plugins compatible for Editor in 0.66 ms, found 0 plugins.
Preloading 0 native plugins for Editor in 0.00 ms.
Unloading 2769 Unused Serialized files (Serialized files now loaded: 0)
System memory in use before: 149.1 MB.
System memory in use after: 146.2 MB.

Unloading 29 unused Assets to reduce memory usage. Loaded Objects now: 3466.
Total: 6.822500 ms (FindLiveObjects: 0.345500 ms CreateObjectMapping: 0.124500 ms MarkObjects: 3.784600 ms  DeleteObjects: 2.565300 ms)

========================================================================
Received Prepare
Registering precompiled user dll's ...
Registered in 0.001607 seconds.
Begin MonoManager ReloadAssembly
Native extension for WindowsStandalone target not found
Refreshing native plugins compatible for Editor in 0.69 ms, found 0 plugins.
Preloading 0 native plugins for Editor in 0.00 ms.
Mono: successfully reloaded assembly
- Completed reload, in  1.422 seconds
Platform modules already initialized, skipping
Refreshing native plugins compatible for Editor in 0.71 ms, found 0 plugins.
Preloading 0 native plugins for Editor in 0.00 ms.
Unloading 2769 Unused Serialized files (Serialized files now loaded: 0)
System memory in use before: 149.1 MB.
System memory in use after: 146.2 MB.

Unloading 29 unused Assets to reduce memory usage. Loaded Objects now: 3466.
Total: 8.253900 ms (FindLiveObjects: 0.348100 ms CreateObjectMapping: 0.119000 ms MarkObjects: 4.722400 ms  DeleteObjects: 3.061300 ms)

========================================================================
Received Prepare
Registering precompiled user dll's ...
Registered in 0.001140 seconds.
Begin MonoManager ReloadAssembly
Native extension for WindowsStandalone target not found
Refreshing native plugins compatible for Editor in 0.68 ms, found 0 plugins.
Preloading 0 native plugins for Editor in 0.00 ms.
Mono: successfully reloaded assembly
- Completed reload, in  1.566 seconds
Platform modules already initialized, skipping
Refreshing native plugins compatible for Editor in 0.77 ms, found 0 plugins.
Preloading 0 native plugins for Editor in 0.00 ms.
Unloading 2769 Unused Serialized files (Serialized files now loaded: 0)
System memory in use before: 149.1 MB.
System memory in use after: 146.2 MB.

Unloading 29 unused Assets to reduce memory usage. Loaded Objects now: 3466.
Total: 10.412400 ms (FindLiveObjects: 0.595200 ms CreateObjectMapping: 0.158300 ms MarkObjects: 5.303100 ms  DeleteObjects: 4.351900 ms)

========================================================================
Received Prepare
Registering precompiled user dll's ...
Registered in 0.001207 seconds.
Begin MonoManager ReloadAssembly
Native extension for WindowsStandalone target not found
Refreshing native plugins compatible for Editor in 0.68 ms, found 0 plugins.
Preloading 0 native plugins for Editor in 0.00 ms.
Mono: successfully reloaded assembly
- Completed reload, in  1.489 seconds
Platform modules already initialized, skipping
Refreshing native plugins compatible for Editor in 1.28 ms, found 0 plugins.
Preloading 0 native plugins for Editor in 0.00 ms.
Unloading 2769 Unused Serialized files (Serialized files now loaded: 0)
System memory in use before: 149.1 MB.
System memory in use after: 146.2 MB.

Unloading 29 unused Assets to reduce memory usage. Loaded Objects now: 3466.
Total: 9.484900 ms (FindLiveObjects: 1.521700 ms CreateObjectMapping: 0.582900 ms MarkObjects: 4.418400 ms  DeleteObjects: 2.957900 ms)

========================================================================
Received Prepare
Registering precompiled user dll's ...
Registered in 0.001372 seconds.
Begin MonoManager ReloadAssembly
Native extension for WindowsStandalone target not found
Refreshing native plugins compatible for Editor in 1.34 ms, found 0 plugins.
Preloading 0 native plugins for Editor in 0.00 ms.
Mono: successfully reloaded assembly
- Completed reload, in  1.920 seconds
Platform modules already initialized, skipping
Refreshing native plugins compatible for Editor in 0.93 ms, found 0 plugins.
Preloading 0 native plugins for Editor in 0.00 ms.
Unloading 2769 Unused Serialized files (Serialized files now loaded: 0)
System memory in use before: 149.1 MB.
System memory in use after: 146.2 MB.

Unloading 29 unused Assets to reduce memory usage. Loaded Objects now: 3466.
Total: 10.107600 ms (FindLiveObjects: 1.032000 ms CreateObjectMapping: 0.438200 ms MarkObjects: 6.070900 ms  DeleteObjects: 2.563500 ms)

========================================================================
Received Prepare
Registering precompiled user dll's ...
Registered in 0.001283 seconds.
Begin MonoManager ReloadAssembly
Native extension for WindowsStandalone target not found
Refreshing native plugins compatible for Editor in 1.01 ms, found 0 plugins.
Preloading 0 native plugins for Editor in 0.00 ms.
Mono: successfully reloaded assembly
- Completed reload, in  1.909 seconds
Platform modules already initialized, skipping
Refreshing native plugins compatible for Editor in 0.79 ms, found 0 plugins.
Preloading 0 native plugins for Editor in 0.00 ms.
Unloading 2769 Unused Serialized files (Serialized files now loaded: 0)
System memory in use before: 149.1 MB.
System memory in use after: 146.2 MB.

Unloading 29 unused Assets to reduce memory usage. Loaded Objects now: 3466.
Total: 8.903300 ms (FindLiveObjects: 0.651300 ms CreateObjectMapping: 0.161900 ms MarkObjects: 4.893700 ms  DeleteObjects: 3.193100 ms)

========================================================================
Received Import Request.
  Time since last request: 5430.263263 seconds.
  path: Assets/LevelSettings/Level_0.asset
  artifactKey: Guid(4725b4701ce63cc48822c156abf4e3cf) Importer(815301076,1909f56bfc062723c751e8b465ee728b)
Start importing Assets/LevelSettings/Level_0.asset using Guid(4725b4701ce63cc48822c156abf4e3cf) Importer(815301076,1909f56bfc062723c751e8b465ee728b)  -> (artifact id: 'c6ca99e9cafe21d047aed489e34e43e7') in 0.063196 seconds 
========================================================================
Received Import Request.
  Time since last request: 25.834079 seconds.
  path: Assets/Prefabs/elephant.prefab
  artifactKey: Guid(5cc8dcf85a3b84a41b4985a67182b93f) Importer(815301076,1909f56bfc062723c751e8b465ee728b)
Start importing Assets/Prefabs/elephant.prefab using Guid(5cc8dcf85a3b84a41b4985a67182b93f) Importer(815301076,1909f56bfc062723c751e8b465ee728b) Launched and connected shader compiler UnityShaderCompiler.exe after 0.11 seconds
Launched and connected shader compiler UnityShaderCompiler.exe after 0.10 seconds
Launched and connected shader compiler UnityShaderCompiler.exe after 0.09 seconds
Launched and connected shader compiler UnityShaderCompiler.exe after 0.10 seconds
Launched and connected shader compiler UnityShaderCompiler.exe after 0.09 seconds
Launched and connected shader compiler UnityShaderCompiler.exe after 0.09 seconds
Launched and connected shader compiler UnityShaderCompiler.exe after 0.10 seconds
 -> (artifact id: '50b14844291aff97231153df37b7e124') in 2.103306 seconds 
========================================================================
Received Prepare
Registering precompiled user dll's ...
Registered in 0.001464 seconds.
Begin MonoManager ReloadAssembly
Native extension for WindowsStandalone target not found
Refreshing native plugins compatible for Editor in 0.75 ms, found 0 plugins.
Preloading 0 native plugins for Editor in 0.00 ms.
Mono: successfully reloaded assembly
- Completed reload, in  1.700 seconds
Platform modules already initialized, skipping
Refreshing native plugins compatible for Editor in 1.76 ms, found 0 plugins.
Preloading 0 native plugins for Editor in 0.00 ms.
Unloading 2780 Unused Serialized files (Serialized files now loaded: 0)
System memory in use before: 160.3 MB.
System memory in use after: 157.9 MB.

Unloading 23 unused Assets to reduce memory usage. Loaded Objects now: 3607.
Total: 10.190500 ms (FindLiveObjects: 0.515100 ms CreateObjectMapping: 0.267500 ms MarkObjects: 6.190700 ms  DeleteObjects: 3.214500 ms)

========================================================================
Received Prepare
Registering precompiled user dll's ...
Registered in 0.001711 seconds.
Begin MonoManager ReloadAssembly
Native extension for WindowsStandalone target not found
Refreshing native plugins compatible for Editor in 0.83 ms, found 0 plugins.
Preloading 0 native plugins for Editor in 0.00 ms.
Mono: successfully reloaded assembly
- Completed reload, in  1.630 seconds
Platform modules already initialized, skipping
Refreshing native plugins compatible for Editor in 0.93 ms, found 0 plugins.
Preloading 0 native plugins for Editor in 0.00 ms.
Unloading 2763 Unused Serialized files (Serialized files now loaded: 0)
System memory in use before: 159.3 MB.
System memory in use after: 156.9 MB.

Unloading 23 unused Assets to reduce memory usage. Loaded Objects now: 3607.
Total: 7.868500 ms (FindLiveObjects: 0.493800 ms CreateObjectMapping: 0.274400 ms MarkObjects: 4.634300 ms  DeleteObjects: 2.463200 ms)

========================================================================
Received Prepare
Registering precompiled user dll's ...
Registered in 0.001905 seconds.
Begin MonoManager ReloadAssembly
Native extension for WindowsStandalone target not found
Refreshing native plugins compatible for Editor in 0.77 ms, found 0 plugins.
Preloading 0 native plugins for Editor in 0.00 ms.
Mono: successfully reloaded assembly
- Completed reload, in  1.629 seconds
Platform modules already initialized, skipping
Refreshing native plugins compatible for Editor in 0.66 ms, found 0 plugins.
Preloading 0 native plugins for Editor in 0.00 ms.
Unloading 2763 Unused Serialized files (Serialized files now loaded: 0)
System memory in use before: 159.1 MB.
System memory in use after: 156.7 MB.

Unloading 23 unused Assets to reduce memory usage. Loaded Objects now: 3607.
Total: 6.778000 ms (FindLiveObjects: 0.411400 ms CreateObjectMapping: 0.159000 ms MarkObjects: 4.056900 ms  DeleteObjects: 2.148000 ms)

========================================================================
Received Prepare
Registering precompiled user dll's ...
Registered in 0.001164 seconds.
Begin MonoManager ReloadAssembly
Native extension for WindowsStandalone target not found
Refreshing native plugins compatible for Editor in 0.68 ms, found 0 plugins.
Preloading 0 native plugins for Editor in 0.00 ms.
Mono: successfully reloaded assembly
- Completed reload, in  1.644 seconds
Platform modules already initialized, skipping
Refreshing native plugins compatible for Editor in 1.45 ms, found 0 plugins.
Preloading 0 native plugins for Editor in 0.00 ms.
Unloading 2763 Unused Serialized files (Serialized files now loaded: 0)
System memory in use before: 159.1 MB.
System memory in use after: 156.7 MB.

Unloading 23 unused Assets to reduce memory usage. Loaded Objects now: 3607.
Total: 9.119000 ms (FindLiveObjects: 0.670600 ms CreateObjectMapping: 0.149000 ms MarkObjects: 5.186900 ms  DeleteObjects: 3.107200 ms)

========================================================================
Received Prepare
Registering precompiled user dll's ...
Registered in 0.001205 seconds.
Begin MonoManager ReloadAssembly
Native extension for WindowsStandalone target not found
Refreshing native plugins compatible for Editor in 0.69 ms, found 0 plugins.
Preloading 0 native plugins for Editor in 0.00 ms.
Mono: successfully reloaded assembly
- Completed reload, in  1.676 seconds
Platform modules already initialized, skipping
Refreshing native plugins compatible for Editor in 0.73 ms, found 0 plugins.
Preloading 0 native plugins for Editor in 0.00 ms.
Unloading 2763 Unused Serialized files (Serialized files now loaded: 0)
System memory in use before: 159.1 MB.
System memory in use after: 156.7 MB.

Unloading 23 unused Assets to reduce memory usage. Loaded Objects now: 3607.
Total: 10.539500 ms (FindLiveObjects: 1.023300 ms CreateObjectMapping: 0.297400 ms MarkObjects: 6.345900 ms  DeleteObjects: 2.869700 ms)

========================================================================
Received Prepare
Registering precompiled user dll's ...
Registered in 0.001137 seconds.
Begin MonoManager ReloadAssembly
Native extension for WindowsStandalone target not found
Refreshing native plugins compatible for Editor in 0.67 ms, found 0 plugins.
Preloading 0 native plugins for Editor in 0.00 ms.
Mono: successfully reloaded assembly
- Completed reload, in  1.598 seconds
Platform modules already initialized, skipping
Refreshing native plugins compatible for Editor in 0.99 ms, found 0 plugins.
Preloading 0 native plugins for Editor in 0.00 ms.
Unloading 2763 Unused Serialized files (Serialized files now loaded: 0)
System memory in use before: 159.1 MB.
System memory in use after: 156.7 MB.

Unloading 23 unused Assets to reduce memory usage. Loaded Objects now: 3607.
Total: 12.871000 ms (FindLiveObjects: 0.829100 ms CreateObjectMapping: 0.159000 ms MarkObjects: 7.348900 ms  DeleteObjects: 4.527800 ms)

========================================================================
Received Prepare
Registering precompiled user dll's ...
Registered in 0.001064 seconds.
Begin MonoManager ReloadAssembly
Native extension for WindowsStandalone target not found
Refreshing native plugins compatible for Editor in 0.95 ms, found 0 plugins.
Preloading 0 native plugins for Editor in 0.00 ms.
Mono: successfully reloaded assembly
- Completed reload, in  1.575 seconds
Platform modules already initialized, skipping
Refreshing native plugins compatible for Editor in 1.62 ms, found 0 plugins.
Preloading 0 native plugins for Editor in 0.00 ms.
Unloading 2763 Unused Serialized files (Serialized files now loaded: 0)
System memory in use before: 159.2 MB.
System memory in use after: 156.7 MB.

Unloading 23 unused Assets to reduce memory usage. Loaded Objects now: 3607.
Total: 8.111500 ms (FindLiveObjects: 0.611600 ms CreateObjectMapping: 0.144000 ms MarkObjects: 4.224800 ms  DeleteObjects: 3.127400 ms)

========================================================================
Received Prepare
Registering precompiled user dll's ...
Registered in 0.001087 seconds.
Begin MonoManager ReloadAssembly
Native extension for WindowsStandalone target not found
Refreshing native plugins compatible for Editor in 0.96 ms, found 0 plugins.
Preloading 0 native plugins for Editor in 0.00 ms.
Mono: successfully reloaded assembly
- Completed reload, in  1.511 seconds
Platform modules already initialized, skipping
Refreshing native plugins compatible for Editor in 0.77 ms, found 0 plugins.
Preloading 0 native plugins for Editor in 0.00 ms.
Unloading 2763 Unused Serialized files (Serialized files now loaded: 0)
System memory in use before: 159.2 MB.
System memory in use after: 156.7 MB.

Unloading 23 unused Assets to reduce memory usage. Loaded Objects now: 3607.
Total: 11.654200 ms (FindLiveObjects: 0.942100 ms CreateObjectMapping: 0.229300 ms MarkObjects: 6.025200 ms  DeleteObjects: 4.451800 ms)

========================================================================
Received Import Request.
  Time since last request: 732.322611 seconds.
  path: Assets/Settings/Shadow.inputactions
  artifactKey: Guid(371c637a15be98b469f7fd083d9e1ff7) Importer(815301076,1909f56bfc062723c751e8b465ee728b)
Start importing Assets/Settings/Shadow.inputactions using Guid(371c637a15be98b469f7fd083d9e1ff7) Importer(815301076,1909f56bfc062723c751e8b465ee728b)  -> (artifact id: '34ccbd68088fc16dceb38576d063bfd3') in 0.038722 seconds 
========================================================================
Received Prepare
Registering precompiled user dll's ...
Registered in 0.001117 seconds.
Begin MonoManager ReloadAssembly
Native extension for WindowsStandalone target not found
Refreshing native plugins compatible for Editor in 0.66 ms, found 0 plugins.
Preloading 0 native plugins for Editor in 0.00 ms.
Mono: successfully reloaded assembly
- Completed reload, in  1.403 seconds
Platform modules already initialized, skipping
Refreshing native plugins compatible for Editor in 0.77 ms, found 0 plugins.
Preloading 0 native plugins for Editor in 0.00 ms.
Unloading 2763 Unused Serialized files (Serialized files now loaded: 0)
System memory in use before: 159.2 MB.
System memory in use after: 156.7 MB.

Unloading 23 unused Assets to reduce memory usage. Loaded Objects now: 3607.
Total: 5.889700 ms (FindLiveObjects: 0.335200 ms CreateObjectMapping: 0.099000 ms MarkObjects: 3.453800 ms  DeleteObjects: 1.999100 ms)

========================================================================
Received Prepare
Registering precompiled user dll's ...
Registered in 0.001171 seconds.
Begin MonoManager ReloadAssembly
Native extension for WindowsStandalone target not found
Refreshing native plugins compatible for Editor in 1.07 ms, found 0 plugins.
Preloading 0 native plugins for Editor in 0.00 ms.
Mono: successfully reloaded assembly
- Completed reload, in  1.602 seconds
Platform modules already initialized, skipping
Refreshing native plugins compatible for Editor in 1.07 ms, found 0 plugins.
Preloading 0 native plugins for Editor in 0.00 ms.
Unloading 2763 Unused Serialized files (Serialized files now loaded: 0)
System memory in use before: 159.2 MB.
System memory in use after: 156.7 MB.

Unloading 23 unused Assets to reduce memory usage. Loaded Objects now: 3607.
Total: 7.026600 ms (FindLiveObjects: 0.420400 ms CreateObjectMapping: 0.168400 ms MarkObjects: 4.155800 ms  DeleteObjects: 2.279400 ms)

========================================================================
Received Prepare
Registering precompiled user dll's ...
Registered in 0.001480 seconds.
Begin MonoManager ReloadAssembly
Native extension for WindowsStandalone target not found
Refreshing native plugins compatible for Editor in 0.66 ms, found 0 plugins.
Preloading 0 native plugins for Editor in 0.00 ms.
Mono: successfully reloaded assembly
- Completed reload, in  1.382 seconds
Platform modules already initialized, skipping
Refreshing native plugins compatible for Editor in 0.68 ms, found 0 plugins.
Preloading 0 native plugins for Editor in 0.00 ms.
Unloading 2763 Unused Serialized files (Serialized files now loaded: 0)
System memory in use before: 159.2 MB.
System memory in use after: 156.7 MB.

Unloading 23 unused Assets to reduce memory usage. Loaded Objects now: 3607.
Total: 6.814400 ms (FindLiveObjects: 0.465600 ms CreateObjectMapping: 0.179100 ms MarkObjects: 3.905000 ms  DeleteObjects: 2.262600 ms)

========================================================================
Received Import Request.
  Time since last request: 398.985661 seconds.
  path: Assets/Settings/Shadow.inputactions
  artifactKey: Guid(371c637a15be98b469f7fd083d9e1ff7) Importer(815301076,1909f56bfc062723c751e8b465ee728b)
Start importing Assets/Settings/Shadow.inputactions using Guid(371c637a15be98b469f7fd083d9e1ff7) Importer(815301076,1909f56bfc062723c751e8b465ee728b)  -> (artifact id: 'fda6ec997fe08946c68cc25a49c92352') in 0.027364 seconds 
========================================================================
Received Prepare
Registering precompiled user dll's ...
Registered in 0.001118 seconds.
Begin MonoManager ReloadAssembly
Native extension for WindowsStandalone target not found
Refreshing native plugins compatible for Editor in 0.66 ms, found 0 plugins.
Preloading 0 native plugins for Editor in 0.00 ms.
Mono: successfully reloaded assembly
- Completed reload, in  1.633 seconds
Platform modules already initialized, skipping
Refreshing native plugins compatible for Editor in 1.51 ms, found 0 plugins.
Preloading 0 native plugins for Editor in 0.00 ms.
Unloading 2763 Unused Serialized files (Serialized files now loaded: 0)
System memory in use before: 159.2 MB.
System memory in use after: 156.8 MB.

Unloading 23 unused Assets to reduce memory usage. Loaded Objects now: 3607.
Total: 9.239000 ms (FindLiveObjects: 1.417100 ms CreateObjectMapping: 0.543500 ms MarkObjects: 4.429100 ms  DeleteObjects: 2.843900 ms)

========================================================================
Received Prepare
Registering precompiled user dll's ...
Registered in 0.001439 seconds.
Begin MonoManager ReloadAssembly
Native extension for WindowsStandalone target not found
Refreshing native plugins compatible for Editor in 0.68 ms, found 0 plugins.
Preloading 0 native plugins for Editor in 0.00 ms.
Mono: successfully reloaded assembly
- Completed reload, in  1.579 seconds
Platform modules already initialized, skipping
Refreshing native plugins compatible for Editor in 1.84 ms, found 0 plugins.
Preloading 0 native plugins for Editor in 0.00 ms.
Unloading 2763 Unused Serialized files (Serialized files now loaded: 0)
System memory in use before: 159.2 MB.
System memory in use after: 156.8 MB.

Unloading 23 unused Assets to reduce memory usage. Loaded Objects now: 3607.
Total: 11.747500 ms (FindLiveObjects: 0.846300 ms CreateObjectMapping: 0.207400 ms MarkObjects: 7.871400 ms  DeleteObjects: 2.817300 ms)

========================================================================
Received Prepare
Registering precompiled user dll's ...
Registered in 0.001138 seconds.
Begin MonoManager ReloadAssembly
Native extension for WindowsStandalone target not found
Refreshing native plugins compatible for Editor in 0.96 ms, found 0 plugins.
Preloading 0 native plugins for Editor in 0.00 ms.
Mono: successfully reloaded assembly
- Completed reload, in  1.692 seconds
Platform modules already initialized, skipping
Refreshing native plugins compatible for Editor in 0.75 ms, found 0 plugins.
Preloading 0 native plugins for Editor in 0.00 ms.
Unloading 2763 Unused Serialized files (Serialized files now loaded: 0)
System memory in use before: 159.2 MB.
System memory in use after: 156.8 MB.

Unloading 23 unused Assets to reduce memory usage. Loaded Objects now: 3607.
Total: 7.040700 ms (FindLiveObjects: 0.377800 ms CreateObjectMapping: 0.131500 ms MarkObjects: 4.170700 ms  DeleteObjects: 2.358200 ms)

========================================================================
Received Prepare
Registering precompiled user dll's ...
Registered in 0.001108 seconds.
Begin MonoManager ReloadAssembly
Native extension for WindowsStandalone target not found
Refreshing native plugins compatible for Editor in 0.67 ms, found 0 plugins.
Preloading 0 native plugins for Editor in 0.00 ms.
Mono: successfully reloaded assembly
- Completed reload, in  1.572 seconds
Platform modules already initialized, skipping
Refreshing native plugins compatible for Editor in 2.09 ms, found 0 plugins.
Preloading 0 native plugins for Editor in 0.00 ms.
Unloading 2763 Unused Serialized files (Serialized files now loaded: 0)
System memory in use before: 159.2 MB.
System memory in use after: 156.8 MB.

Unloading 23 unused Assets to reduce memory usage. Loaded Objects now: 3607.
Total: 10.561400 ms (FindLiveObjects: 0.559100 ms CreateObjectMapping: 0.274000 ms MarkObjects: 7.143900 ms  DeleteObjects: 2.581400 ms)

========================================================================
Received Prepare
Registering precompiled user dll's ...
Registered in 0.001314 seconds.
Begin MonoManager ReloadAssembly
Native extension for WindowsStandalone target not found
Refreshing native plugins compatible for Editor in 1.13 ms, found 0 plugins.
Preloading 0 native plugins for Editor in 0.00 ms.
Mono: successfully reloaded assembly
- Completed reload, in  1.999 seconds
Platform modules already initialized, skipping
Refreshing native plugins compatible for Editor in 1.64 ms, found 0 plugins.
Preloading 0 native plugins for Editor in 0.00 ms.
Unloading 2763 Unused Serialized files (Serialized files now loaded: 0)
System memory in use before: 159.2 MB.
System memory in use after: 156.8 MB.

Unloading 23 unused Assets to reduce memory usage. Loaded Objects now: 3607.
Total: 10.195600 ms (FindLiveObjects: 0.990700 ms CreateObjectMapping: 0.333000 ms MarkObjects: 6.195400 ms  DeleteObjects: 2.671100 ms)

========================================================================
Received Prepare
Registering precompiled user dll's ...
Registered in 0.001389 seconds.
Begin MonoManager ReloadAssembly
Native extension for WindowsStandalone target not found
Refreshing native plugins compatible for Editor in 0.96 ms, found 0 plugins.
Preloading 0 native plugins for Editor in 0.00 ms.
Mono: successfully reloaded assembly
- Completed reload, in  1.366 seconds
Platform modules already initialized, skipping
Refreshing native plugins compatible for Editor in 0.66 ms, found 0 plugins.
Preloading 0 native plugins for Editor in 0.00 ms.
Unloading 2763 Unused Serialized files (Serialized files now loaded: 0)
System memory in use before: 159.2 MB.
System memory in use after: 156.8 MB.

Unloading 23 unused Assets to reduce memory usage. Loaded Objects now: 3607.
Total: 6.769500 ms (FindLiveObjects: 0.352700 ms CreateObjectMapping: 0.113000 ms MarkObjects: 3.774100 ms  DeleteObjects: 2.527800 ms)

AssetImportWorkerClient::OnTransportError - code=2 error=End of file
